Monthly Vaccinated|Monthly Vaccinated Data/weightMonthlyVaccinated
0 -0.446284
Weekly Infected|Weekly Infected Data/weightWeeklyInfected
0 22.1363
Weekly Infected|Weekly Infected Data/weightWeeklyInfected
0.25 1.86537
Weekly Infected|Weekly Infected Data/weightWeeklyInfected
0.5 0.603623
Weekly Infected|Weekly Infected Data/weightWeeklyInfected
0.75 0.431502
Monthly Vaccinated|Monthly Vaccinated Data/weightMonthlyVaccinated
1 -1.17018
Weekly Infected|Weekly Infected Data/weightWeeklyInfected
1 -0.640997
Weekly Infected|Weekly Infected Data/weightWeeklyInfected
1.25 -0.603007
Weekly Infected|Weekly Infected Data/weightWeeklyInfected
1.5 0.557223
Weekly Infected|Weekly Infected Data/weightWeeklyInfected
1.75 -0.147686
Monthly Vaccinated|Monthly Vaccinated Data/weightMonthlyVaccinated
2 2.01552
Weekly Infected|Weekly Infected Data/weightWeeklyInfected
2 0.295712
Weekly Infected|Weekly Infected Data/weightWeeklyInfected
2.25 -0.0983938
Weekly Infected|Weekly Infected Data/weightWeeklyInfected
2.5 0.684796
Weekly Infected|Weekly Infected Data/weightWeeklyInfected
2.75 -0.339503
Monthly Vaccinated|Monthly Vaccinated Data/weightMonthlyVaccinated
3 1.75265
Weekly Infected|Weekly Infected Data/weightWeeklyInfected
3 -0.155929
Weekly Infected|Weekly Infected Data/weightWeeklyInfected
3.25 0.250665
Weekly Infected|Weekly Infected Data/weightWeeklyInfected
3.5 -1.10525
Weekly Infected|Weekly Infected Data/weightWeeklyInfected
3.75 0.789519
Monthly Vaccinated|Monthly Vaccinated Data/weightMonthlyVaccinated
4 0.843548
Weekly Infected|Weekly Infected Data/weightWeeklyInfected
4 -0.053792
Weekly Infected|Weekly Infected Data/weightWeeklyInfected
4.25 0.373203
Weekly Infected|Weekly Infected Data/weightWeeklyInfected
4.5 3.07507
Weekly Infected|Weekly Infected Data/weightWeeklyInfected
4.75 3.05142
Monthly Vaccinated|Monthly Vaccinated Data/weightMonthlyVaccinated
5 -1.06812
Weekly Infected|Weekly Infected Data/weightWeeklyInfected
5 -0.704269
Weekly Infected|Weekly Infected Data/weightWeeklyInfected
5.25 -1.20598
Weekly Infected|Weekly Infected Data/weightWeeklyInfected
5.5 -0.476354
Weekly Infected|Weekly Infected Data/weightWeeklyInfected
5.75 -4.54784
Monthly Vaccinated|Monthly Vaccinated Data/weightMonthlyVaccinated
6 -0.682426
Weekly Infected|Weekly Infected Data/weightWeeklyInfected
6 1.53641
Weekly Infected|Weekly Infected Data/weightWeeklyInfected
6.25 -3.27797
Weekly Infected|Weekly Infected Data/weightWeeklyInfected
6.5 -0.0565881
Weekly Infected|Weekly Infected Data/weightWeeklyInfected
6.75 2.1244
Monthly Vaccinated|Monthly Vaccinated Data/weightMonthlyVaccinated
7 0.411505
Weekly Infected|Weekly Infected Data/weightWeeklyInfected
7 1.17966
