Monthly Vaccinated|Monthly Vaccinated Data/weightMonthlyVaccinated
0 1.88153
Weekly Infected|Weekly Infected Data/weightWeeklyInfected
0 0
Weekly Infected|Weekly Infected Data/weightWeeklyInfected
0.25 -0.372379
Weekly Infected|Weekly Infected Data/weightWeeklyInfected
0.5 0.467049
Weekly Infected|Weekly Infected Data/weightWeeklyInfected
0.75 0.532435
Monthly Vaccinated|Monthly Vaccinated Data/weightMonthlyVaccinated
1 -0.426912
Weekly Infected|Weekly Infected Data/weightWeeklyInfected
1 -0.506143
Weekly Infected|Weekly Infected Data/weightWeeklyInfected
1.25 -0.45639
Weekly Infected|Weekly Infected Data/weightWeeklyInfected
1.5 0.713193
Weekly Infected|Weekly Infected Data/weightWeeklyInfected
1.75 0.0172712
Monthly Vaccinated|Monthly Vaccinated Data/weightMonthlyVaccinated
2 0.314429
Weekly Infected|Weekly Infected Data/weightWeeklyInfected
2 0.469371
Weekly Infected|Weekly Infected Data/weightWeeklyInfected
2.25 0.0835186
Weekly Infected|Weekly Infected Data/weightWeeklyInfected
2.5 0.874296
Weekly Infected|Weekly Infected Data/weightWeeklyInfected
2.75 -0.143339
Monthly Vaccinated|Monthly Vaccinated Data/weightMonthlyVaccinated
3 -0.176717
Weekly Infected|Weekly Infected Data/weightWeeklyInfected
3 0.0456784
Weekly Infected|Weekly Infected Data/weightWeeklyInfected
3.25 0.456158
Weekly Infected|Weekly Infected Data/weightWeeklyInfected
3.5 -0.897815
Weekly Infected|Weekly Infected Data/weightWeeklyInfected
3.75 0.99654
Monthly Vaccinated|Monthly Vaccinated Data/weightMonthlyVaccinated
4 -0.272308
Weekly Infected|Weekly Infected Data/weightWeeklyInfected
4 0.149971
Weekly Infected|Weekly Infected Data/weightWeeklyInfected
4.25 0.570341
Weekly Infected|Weekly Infected Data/weightWeeklyInfected
4.5 3.26163
Weekly Infected|Weekly Infected Data/weightWeeklyInfected
4.75 3.2228
Monthly Vaccinated|Monthly Vaccinated Data/weightMonthlyVaccinated
5 -0.349517
Weekly Infected|Weekly Infected Data/weightWeeklyInfected
5 -0.553433
Weekly Infected|Weekly Infected Data/weightWeeklyInfected
5.25 -1.08189
Weekly Infected|Weekly Infected Data/weightWeeklyInfected
5.5 -0.386206
Weekly Infected|Weekly Infected Data/weightWeeklyInfected
5.75 -4.50002
Monthly Vaccinated|Monthly Vaccinated Data/weightMonthlyVaccinated
6 0.714316
Weekly Infected|Weekly Infected Data/weightWeeklyInfected
6 1.53208
Weekly Infected|Weekly Infected Data/weightWeeklyInfected
6.25 -3.34599
Weekly Infected|Weekly Infected Data/weightWeeklyInfected
6.5 -0.201938
Weekly Infected|Weekly Infected Data/weightWeeklyInfected
6.75 1.88557
Monthly Vaccinated|Monthly Vaccinated Data/weightMonthlyVaccinated
7 -0.295913
Weekly Infected|Weekly Infected Data/weightWeeklyInfected
7 0.828211
