Monthly Vaccinated|Monthly Vaccinated Data/weightMonthlyVaccinated
0 1.98059
Weekly Infected|Weekly Infected Data/weightWeeklyInfected
0 0
Weekly Infected|Weekly Infected Data/weightWeeklyInfected
0.25 -0.405918
Weekly Infected|Weekly Infected Data/weightWeeklyInfected
0.5 0.41898
Weekly Infected|Weekly Infected Data/weightWeeklyInfected
0.75 0.479867
Monthly Vaccinated|Monthly Vaccinated Data/weightMonthlyVaccinated
1 -0.339813
Weekly Infected|Weekly Infected Data/weightWeeklyInfected
1 -0.565402
Weekly Infected|Weekly Infected Data/weightWeeklyInfected
1.25 -0.52366
Weekly Infected|Weekly Infected Data/weightWeeklyInfected
1.5 0.636871
Weekly Infected|Weekly Infected Data/weightWeeklyInfected
1.75 -0.0691546
Monthly Vaccinated|Monthly Vaccinated Data/weightMonthlyVaccinated
2 0.410773
Weekly Infected|Weekly Infected Data/weightWeeklyInfected
2 0.371729
Weekly Infected|Weekly Infected Data/weightWeeklyInfected
2.25 -0.0265121
Weekly Infected|Weekly Infected Data/weightWeeklyInfected
2.5 0.750656
Weekly Infected|Weekly Infected Data/weightWeeklyInfected
2.75 -0.281835
Monthly Vaccinated|Monthly Vaccinated Data/weightMonthlyVaccinated
3 -0.0178489
Weekly Infected|Weekly Infected Data/weightWeeklyInfected
3 -0.108917
Weekly Infected|Weekly Infected Data/weightWeeklyInfected
3.25 0.284264
Weekly Infected|Weekly Infected Data/weightWeeklyInfected
3.5 -1.08811
Weekly Infected|Weekly Infected Data/weightWeeklyInfected
3.75 0.786901
Monthly Vaccinated|Monthly Vaccinated Data/weightMonthlyVaccinated
4 -0.0483497
Weekly Infected|Weekly Infected Data/weightWeeklyInfected
4 -0.0797136
Weekly Infected|Weekly Infected Data/weightWeeklyInfected
4.25 0.320248
Weekly Infected|Weekly Infected Data/weightWeeklyInfected
4.5 2.99121
Weekly Infected|Weekly Infected Data/weightWeeklyInfected
4.75 2.93272
Monthly Vaccinated|Monthly Vaccinated Data/weightMonthlyVaccinated
5 -0.0712861
Weekly Infected|Weekly Infected Data/weightWeeklyInfected
5 -0.861805
Weekly Infected|Weekly Infected Data/weightWeeklyInfected
5.25 -1.40633
Weekly Infected|Weekly Infected Data/weightWeeklyInfected
5.5 -0.723491
Weekly Infected|Weekly Infected Data/weightWeeklyInfected
5.75 -4.84582
Monthly Vaccinated|Monthly Vaccinated Data/weightMonthlyVaccinated
6 1.04865
Weekly Infected|Weekly Infected Data/weightWeeklyInfected
6 1.18334
Weekly Infected|Weekly Infected Data/weightWeeklyInfected
6.25 -3.69086
Weekly Infected|Weekly Infected Data/weightWeeklyInfected
6.5 -0.534833
Weekly Infected|Weekly Infected Data/weightWeeklyInfected
6.75 1.57389
Monthly Vaccinated|Monthly Vaccinated Data/weightMonthlyVaccinated
7 0.0669945
Weekly Infected|Weekly Infected Data/weightWeeklyInfected
7 0.548008
