Monthly Vaccinated|Monthly Vaccinated Data/weightMonthlyVaccinated
0 1.995
Weekly Infected|Weekly Infected Data/weightWeeklyInfected
0 0
Weekly Infected|Weekly Infected Data/weightWeeklyInfected
0.25 -0.427523
Weekly Infected|Weekly Infected Data/weightWeeklyInfected
0.5 0.385145
Weekly Infected|Weekly Infected Data/weightWeeklyInfected
0.75 0.436451
Monthly Vaccinated|Monthly Vaccinated Data/weightMonthlyVaccinated
1 -0.318588
Weekly Infected|Weekly Infected Data/weightWeeklyInfected
1 -0.622241
Weekly Infected|Weekly Infected Data/weightWeeklyInfected
1.25 -0.597002
Weekly Infected|Weekly Infected Data/weightWeeklyInfected
1.5 0.543875
Weekly Infected|Weekly Infected Data/weightWeeklyInfected
1.75 -0.185339
Monthly Vaccinated|Monthly Vaccinated Data/weightMonthlyVaccinated
2 0.42825
Weekly Infected|Weekly Infected Data/weightWeeklyInfected
2 0.228349
Weekly Infected|Weekly Infected Data/weightWeeklyInfected
2.25 -0.201612
Weekly Infected|Weekly Infected Data/weightWeeklyInfected
2.5 0.538762
Weekly Infected|Weekly Infected Data/weightWeeklyInfected
2.75 -0.53617
Monthly Vaccinated|Monthly Vaccinated Data/weightMonthlyVaccinated
3 0.105034
Weekly Infected|Weekly Infected Data/weightWeeklyInfected
3 -0.41192
Weekly Infected|Weekly Infected Data/weightWeeklyInfected
3.25 -0.0742074
Weekly Infected|Weekly Infected Data/weightWeeklyInfected
3.5 -1.50938
Weekly Infected|Weekly Infected Data/weightWeeklyInfected
3.75 0.295016
Monthly Vaccinated|Monthly Vaccinated Data/weightMonthlyVaccinated
4 0.383203
Weekly Infected|Weekly Infected Data/weightWeeklyInfected
4 -0.650373
Weekly Infected|Weekly Infected Data/weightWeeklyInfected
4.25 -0.337556
Weekly Infected|Weekly Infected Data/weightWeeklyInfected
4.5 2.23791
Weekly Infected|Weekly Infected Data/weightWeeklyInfected
4.75 2.07584
Monthly Vaccinated|Monthly Vaccinated Data/weightMonthlyVaccinated
5 0.944569
Weekly Infected|Weekly Infected Data/weightWeeklyInfected
5 -1.82968
Weekly Infected|Weekly Infected Data/weightWeeklyInfected
5.25 -2.49156
Weekly Infected|Weekly Infected Data/weightWeeklyInfected
5.5 -1.9309
Weekly Infected|Weekly Infected Data/weightWeeklyInfected
5.75 -6.17813
Monthly Vaccinated|Monthly Vaccinated Data/weightMonthlyVaccinated
6 2.6875
Weekly Infected|Weekly Infected Data/weightWeeklyInfected
6 -0.273946
Weekly Infected|Weekly Infected Data/weightWeeklyInfected
6.25 -5.26994
Weekly Infected|Weekly Infected Data/weightWeeklyInfected
6.5 -2.22879
Weekly Infected|Weekly Infected Data/weightWeeklyInfected
6.75 -0.223831
Monthly Vaccinated|Monthly Vaccinated Data/weightMonthlyVaccinated
7 1.93598
Weekly Infected|Weekly Infected Data/weightWeeklyInfected
7 -1.33792
