Monthly Vaccinated|Monthly Vaccinated Data/weightMonthlyVaccinated
0 2.03978
Weekly Infected|Weekly Infected Data/weightWeeklyInfected
0 0
Weekly Infected|Weekly Infected Data/weightWeeklyInfected
0.25 -0.416318
Weekly Infected|Weekly Infected Data/weightWeeklyInfected
0.5 0.404384
Weekly Infected|Weekly Infected Data/weightWeeklyInfected
0.75 0.463776
Monthly Vaccinated|Monthly Vaccinated Data/weightMonthlyVaccinated
1 -0.284377
Weekly Infected|Weekly Infected Data/weightWeeklyInfected
1 -0.583911
Weekly Infected|Weekly Infected Data/weightWeeklyInfected
1.25 -0.545128
Weekly Infected|Weekly Infected Data/weightWeeklyInfected
1.5 0.611999
Weekly Infected|Weekly Infected Data/weightWeeklyInfected
1.75 -0.0978955
Monthly Vaccinated|Monthly Vaccinated Data/weightMonthlyVaccinated
2 0.485939
Weekly Infected|Weekly Infected Data/weightWeeklyInfected
2 0.338614
Weekly Infected|Weekly Infected Data/weightWeeklyInfected
2.25 -0.0645504
Weekly Infected|Weekly Infected Data/weightWeeklyInfected
2.5 0.707102
Weekly Infected|Weekly Infected Data/weightWeeklyInfected
2.75 -0.331537
Monthly Vaccinated|Monthly Vaccinated Data/weightMonthlyVaccinated
3 0.134171
Weekly Infected|Weekly Infected Data/weightWeeklyInfected
3 -0.165429
Weekly Infected|Weekly Infected Data/weightWeeklyInfected
3.25 0.220256
Weekly Infected|Weekly Infected Data/weightWeeklyInfected
3.5 -1.1603
Weekly Infected|Weekly Infected Data/weightWeeklyInfected
3.75 0.70584
Monthly Vaccinated|Monthly Vaccinated Data/weightMonthlyVaccinated
4 0.19201
Weekly Infected|Weekly Infected Data/weightWeeklyInfected
4 -0.17028
Weekly Infected|Weekly Infected Data/weightWeeklyInfected
4.25 0.219609
Weekly Infected|Weekly Infected Data/weightWeeklyInfected
4.5 2.88004
Weekly Infected|Weekly Infected Data/weightWeeklyInfected
4.75 2.81073
Monthly Vaccinated|Monthly Vaccinated Data/weightMonthlyVaccinated
5 0.0977868
Weekly Infected|Weekly Infected Data/weightWeeklyInfected
5 -0.9947
Weekly Infected|Weekly Infected Data/weightWeeklyInfected
5.25 -1.54992
Weekly Infected|Weekly Infected Data/weightWeeklyInfected
5.5 -0.87724
Weekly Infected|Weekly Infected Data/weightWeeklyInfected
5.75 -5.00875
Monthly Vaccinated|Monthly Vaccinated Data/weightMonthlyVaccinated
6 0.678396
Weekly Infected|Weekly Infected Data/weightWeeklyInfected
6 1.01269
Weekly Infected|Weekly Infected Data/weightWeeklyInfected
6.25 -3.86722
Weekly Infected|Weekly Infected Data/weightWeeklyInfected
6.5 -0.714298
Weekly Infected|Weekly Infected Data/weightWeeklyInfected
6.75 1.39455
Monthly Vaccinated|Monthly Vaccinated Data/weightMonthlyVaccinated
7 -1.12955
Weekly Infected|Weekly Infected Data/weightWeeklyInfected
7 0.372611
