Weekly Infected|Weekly Infected Data/weightWeeklyInfected
0 44.7475
Weekly Infected|Weekly Infected Data/weightWeeklyInfected
0.25 7.7692
Weekly Infected|Weekly Infected Data/weightWeeklyInfected
0.5 7.08892
Weekly Infected|Weekly Infected Data/weightWeeklyInfected
0.75 7.53352
Weekly Infected|Weekly Infected Data/weightWeeklyInfected
1 7.10914
Weekly Infected|Weekly Infected Data/weightWeeklyInfected
1.25 7.82079
Weekly Infected|Weekly Infected Data/weightWeeklyInfected
1.5 9.67185
Weekly Infected|Weekly Infected Data/weightWeeklyInfected
1.75 9.66364
Weekly Infected|Weekly Infected Data/weightWeeklyInfected
2 10.7949
Weekly Infected|Weekly Infected Data/weightWeeklyInfected
2.25 11.061
Weekly Infected|Weekly Infected Data/weightWeeklyInfected
2.5 12.4537
Weekly Infected|Weekly Infected Data/weightWeeklyInfected
2.75 11.9603
Weekly Infected|Weekly Infected Data/weightWeeklyInfected
3 12.5632
Weekly Infected|Weekly Infected Data/weightWeeklyInfected
3.25 13.2395
Weekly Infected|Weekly Infected Data/weightWeeklyInfected
3.5 11.9608
Weekly Infected|Weekly Infected Data/weightWeeklyInfected
3.75 13.6933
Weekly Infected|Weekly Infected Data/weightWeeklyInfected
4 12.3981
Weekly Infected|Weekly Infected Data/weightWeeklyInfected
4.25 12.0316
Weekly Infected|Weekly Infected Data/weightWeeklyInfected
4.5 13.547
Weekly Infected|Weekly Infected Data/weightWeeklyInfected
4.75 11.8954
Weekly Infected|Weekly Infected Data/weightWeeklyInfected
5 6.0277
Weekly Infected|Weekly Infected Data/weightWeeklyInfected
5.25 2.8965
Weekly Infected|Weekly Infected Data/weightWeeklyInfected
5.5 0.45827
Weekly Infected|Weekly Infected Data/weightWeeklyInfected
5.75 -7.32456
Weekly Infected|Weekly Infected Data/weightWeeklyInfected
6 -5.4817
Weekly Infected|Weekly Infected Data/weightWeeklyInfected
6.25 -15.0334
Weekly Infected|Weekly Infected Data/weightWeeklyInfected
6.5 -16.9896
Weekly Infected|Weekly Infected Data/weightWeeklyInfected
6.75 -20.3492
Weekly Infected|Weekly Infected Data/weightWeeklyInfected
7 -27.1002
